2025-01-31 22:39:48:817 [Appium] Welcome to Appium v2.15.0 (REV d10c8b5cc562183ba1e18d6a2ea2cdd4988e64be)
2025-01-31 22:39:48:818 [Appium] Non-default server args:
2025-01-31 22:39:48:818 [Appium] { address: '127.0.0.1',
  allowCors: true,
  allowInsecure: [ 'adb_shell', 'chromedriver_autodownload', 'get_server_logs' ],
  basePath: '/',
  debugLogSpacing: true,
  keepAliveTimeout: 1000,
  localTimezone: true,
  logTimestamp: true,
  longStacktrace: true,
  noPermsCheck: true,
  strictCaps: true }
2025-01-31 22:39:48:819 [Appium] The autodetected Appium home path: /Users/krzysztof.biszta/git/wdiov9/clients
2025-01-31 22:39:48:819 [Appium] Attempting to load driver uiautomator2...
2025-01-31 22:39:48:820 [Appium] Attempting to load driver xcuitest...
2025-01-31 22:39:48:823 [Appium] Requiring driver at /Users/krzysztof.biszta/git/wdiov9/clients/node_modules/appium-xcuitest-driver/build/index.js
2025-01-31 22:39:48:823 [Appium] Requiring driver at /Users/krzysztof.biszta/git/wdiov9/clients/node_modules/appium-uiautomator2-driver/build/index.js
2025-01-31 22:39:49:181 [Appium] XCUITestDriver has been successfully loaded in 0.360s
2025-01-31 22:39:49:348 [Appium] AndroidUiautomator2Driver has been successfully loaded in 0.529s
2025-01-31 22:39:49:356 [Appium] You have enabled CORS requests from any host. Be careful not to visit sites which could maliciously try to start Appium sessions on your machine
2025-01-31 22:39:49:357 [Appium] Appium REST http interface listener started on http://127.0.0.1:4723
2025-01-31 22:39:49:357 [Appium] Available drivers:
2025-01-31 22:39:49:357 [Appium]   - uiautomator2@3.10.0 (automationName 'UiAutomator2')
2025-01-31 22:39:49:357 [Appium]   - xcuitest@8.3.0 (automationName 'XCUITest')
2025-01-31 22:39:49:357 [Appium] No plugins have been installed. Use the "appium plugin" command to install the one(s) you want to use.
2025-01-31 22:39:50:242 [HTTP] --> POST /session {"capabilities":{"alwaysMatch":{"platformName":"iOS","browserName":"Safari","appium:deviceName":"iPhone 15 (18.0)","appium:platformVersion":"18.0","appium:automationName":"XCUITest"},"firstMatch":[{}]}}
2025-01-31 22:39:50:243 [AppiumDriver@c289] Calling AppiumDriver.createSession() with args: [null,null,{"alwaysMatch":{"platformName":"iOS","browserName":"Safari","appium:deviceName":"iPhone 15 (18.0)","appium:platformVersion":"18.0","appium:automationName":"XCUITest"},"firstMatch":[{}]}]
2025-01-31 22:39:50:244 [AppiumDriver@c289] Event 'newSessionRequested' logged at 1738359590244 (22:39:50 GMT+0100 (Central European Standard Time))
2025-01-31 22:39:50:245 [Appium] Attempting to find matching driver for automationName 'XCUITest' and platformName 'iOS'
2025-01-31 22:39:50:245 [Appium] The 'xcuitest' driver was installed and matched caps.
2025-01-31 22:39:50:245 [Appium] Will require it at /Users/krzysztof.biszta/git/wdiov9/clients/node_modules/appium-xcuitest-driver
2025-01-31 22:39:50:247 [Appium] Requiring driver at /Users/krzysztof.biszta/git/wdiov9/clients/node_modules/appium-xcuitest-driver/build/index.js
2025-01-31 22:39:50:248 [AppiumDriver@c289] Appium v2.15.0 creating new XCUITestDriver (v8.3.0) session
2025-01-31 22:39:50:248 [AppiumDriver@c289] Checking BaseDriver versions for Appium and XCUITestDriver
2025-01-31 22:39:50:248 [AppiumDriver@c289] Appium's BaseDriver version is 9.15.0
2025-01-31 22:39:50:248 [AppiumDriver@c289] XCUITestDriver's BaseDriver version is 9.15.0
2025-01-31 22:39:50:249 [AppiumDriver@c289] Explicitly enabling use of insecure features:
2025-01-31 22:39:50:249 [AppiumDriver@c289]     adb_shell
2025-01-31 22:39:50:249 [AppiumDriver@c289]     chromedriver_autodownload
2025-01-31 22:39:50:249 [AppiumDriver@c289]     get_server_logs
2025-01-31 22:39:50:249 [XCUITestDriver@233d] 
2025-01-31 22:39:50:249 [XCUITestDriver@233d] Creating session with W3C capabilities: {
  "alwaysMatch": {
    "platformName": "iOS",
    "browserName": "Safari",
    "appium:deviceName": "iPhone 15 (18.0)",
    "appium:platformVersion": "18.0",
    "appium:automationName": "XCUITest"
  },
  "firstMatch": [
    {}
  ]
}
2025-01-31 22:39:50:252 [94ea7d7e][XCUITestDriver@233d] Session created with session id: 94ea7d7e-866c-4ff4-910b-c7be9221879e
2025-01-31 22:39:50:274 [94ea7d7e][XCUITest] Current user: 'krzysztof.biszta'
2025-01-31 22:39:50:275 [94ea7d7e][XCUITestDriver@233d] No real device udid has been provided in capabilities. Will select a matching simulator to run the test.
2025-01-31 22:39:50:293 [94ea7d7e][XCUITestDriver@233d] iOS SDK Version set to '18.2'
2025-01-31 22:39:50:751 [94ea7d7e][XCUITestDriver@233d] Looking for an existing Simulator with platformName: iOS, platformVersion: 18.0, deviceName: iPhone 15 (18.0)
2025-01-31 22:39:50:789 [94ea7d7e][XCUITestDriver@233d] Constructing iOS simulator for Xcode version 16.2 with udid '8DCC78B2-65E2-4076-937D-140ED32FC2BB'
2025-01-31 22:39:50:790 [94ea7d7e][XCUITestDriver@233d] Determining device to run tests on: udid: '8DCC78B2-65E2-4076-937D-140ED32FC2BB', real device: false
2025-01-31 22:39:50:790 [94ea7d7e][XCUITestDriver@233d] Event 'xcodeDetailsRetrieved' logged at 1738359590790 (22:39:50 GMT+0100 (Central European Standard Time))
2025-01-31 22:39:50:790 [94ea7d7e][XCUITestDriver@233d] Safari test requested
2025-01-31 22:39:50:790 [94ea7d7e][XCUITestDriver@233d] Event 'appConfigured' logged at 1738359590790 (22:39:50 GMT+0100 (Central European Standard Time))
2025-01-31 22:39:50:790 [94ea7d7e][XCUITestDriver@233d] Event 'resetStarted' logged at 1738359590790 (22:39:50 GMT+0100 (Central European Standard Time))
2025-01-31 22:39:51:109 [94ea7d7e][simctl] Error running 'terminate': An error was encountered processing the command (domain=NSPOSIXErrorDomain, code=3):
Simulator device failed to terminate com.apple.mobilesafari.
found nothing to terminate
Underlying error (domain=NSPOSIXErrorDomain, code=3):
	The request to terminate "com.apple.mobilesafari" failed. found nothing to terminate
	found nothing to terminate
2025-01-31 22:39:51:109 [94ea7d7e][XCUITestDriver@233d] Reset: failed to terminate Simulator application with id "com.apple.mobilesafari"
2025-01-31 22:39:51:351 [94ea7d7e][simctl] Error running 'terminate': An error was encountered processing the command (domain=NSPOSIXErrorDomain, code=3):
Simulator device failed to terminate com.apple.mobilesafari.
found nothing to terminate
Underlying error (domain=NSPOSIXErrorDomain, code=3):
	The request to terminate "com.apple.mobilesafari" failed. found nothing to terminate
	found nothing to terminate
2025-01-31 22:39:51:351 [94ea7d7e][XCUITestDriver@233d] Scrubbing Safari data files
2025-01-31 22:39:51:630 [94ea7d7e][XCUITestDriver@233d] Event 'resetComplete' logged at 1738359591630 (22:39:51 GMT+0100 (Central European Standard Time))
2025-01-31 22:39:51:630 [94ea7d7e][XCUITestDriver@233d] Using WDA path: '/Users/krzysztof.biszta/git/wdiov9/clients/node_modules/appium-webdriveragent'
2025-01-31 22:39:51:630 [94ea7d7e][XCUITestDriver@233d] Using WDA agent: '/Users/krzysztof.biszta/git/wdiov9/clients/node_modules/appium-webdriveragent/WebDriverAgent.xcodeproj'
2025-01-31 22:39:51:912 [94ea7d7e][XCUITestDriver@233d] Starting log capture for iOS Simulator with udid '8DCC78B2-65E2-4076-937D-140ED32FC2BB' via simctl using the following arguments 'log stream --style compact'
2025-01-31 22:39:52:797 [94ea7d7e][XCUITestDriver@233d] Event 'logCaptureStarted' logged at 1738359592797 (22:39:52 GMT+0100 (Central European Standard Time))
2025-01-31 22:39:52:798 [94ea7d7e][XCUITestDriver@233d] Setting up simulator
2025-01-31 22:39:52:798 [94ea7d7e][XCUITestDriver@233d] Setting preferences of 8DCC78B2-65E2-4076-937D-140ED32FC2BB Simulator to {"ConnectHardwareKeyboard":false}
2025-01-31 22:39:52:798 [94ea7d7e][XCUITestDriver@233d] Setting common Simulator preferences to {"RotateWindowWhenSignaledByGuest":true,"StartLastDeviceOnLaunch":false,"DetachOnWindowClose":false,"AttachBootedOnStart":true,"ConnectHardwareKeyboard":false,"PasteboardAutomaticSync":false}
2025-01-31 22:39:52:861 [94ea7d7e][XCUITestDriver@233d] Updated 8DCC78B2-65E2-4076-937D-140ED32FC2BB Simulator preferences at '/Users/krzysztof.biszta/Library/Preferences/com.apple.iphonesimulator.plist' with {"RotateWindowWhenSignaledByGuest":true,"StartLastDeviceOnLaunch":false,"DetachOnWindowClose":false,"AttachBootedOnStart":true,"ConnectHardwareKeyboard":false,"PasteboardAutomaticSync":false,"DevicePreferences":{"8DCC78B2-65E2-4076-937D-140ED32FC2BB":{"SimulatorExternalDisplay":2114,"ConnectHardwareKeyboard":false,"ChromeTint":"","SimulatorWindowGeometry":{"203E89A2-5582-4A32-A20B-9337CBF61B6C":{"WindowCenter":"{1501.5, 577}","WindowScale":1},"61B71BA9-66B6-4480-8E65-DC917927986B":{"WindowCenter":"{1037.5, 1694}","WindowScale":1},"5F31C6FF-244D-45CF-AB9F-1E24E2BE2C72":{"WindowCenter":"{3205.5, 1824}","WindowScale":1},"538C6A55-EFBB-4C30-85EA-A081103A5BCD":{"WindowCenter":"{1492.5, 592}","WindowScale":1}},"SimulatorWindowOrientation":"Portrait","SimulatorWindowRotationAngle":0}}}
2025-01-31 22:39:53:097 [94ea7d7e][XCUITestDriver@233d] Parsed BUILD_DIR configuration value: '/Users/krzysztof.biszta/git/wdiov9/clients/node_modules/appium-webdriveragent/build'
2025-01-31 22:39:53:097 [94ea7d7e][XCUITestDriver@233d] Got derived data root: '/Users/krzysztof.biszta/git/wdiov9/clients/node_modules'
2025-01-31 22:39:53:160 [94ea7d7e][XCUITestDriver@233d] Got Simulator UI client PID: 14901
2025-01-31 22:39:53:160 [94ea7d7e][XCUITestDriver@233d] Both Simulator with UDID '8DCC78B2-65E2-4076-937D-140ED32FC2BB' and the UI client are currently running
2025-01-31 22:39:53:162 [94ea7d7e][XCUITestDriver@233d] Event 'simStarted' logged at 1738359593162 (22:39:53 GMT+0100 (Central European Standard Time))
2025-01-31 22:39:53:239 [94ea7d7e][XCUITestDriver@233d] No obsolete cached processes from previous WDA sessions listening on port 8100 have been found
2025-01-31 22:39:53:239 [94ea7d7e][DevCon Factory] Requesting connection for device 8DCC78B2-65E2-4076-937D-140ED32FC2BB on local port 8100
2025-01-31 22:39:53:239 [94ea7d7e][DevCon Factory] Cached connections count: 0
2025-01-31 22:39:53:239 [94ea7d7e][DevCon Factory] Successfully requested the connection for 8DCC78B2-65E2-4076-937D-140ED32FC2BB:8100
2025-01-31 22:39:53:240 [94ea7d7e][XCUITestDriver@233d] Starting WebDriverAgent initialization with the synchronization key 'XCUITestDriver'
2025-01-31 22:39:53:241 [94ea7d7e][WD Proxy] Matched '/status' to command name 'getStatus'
2025-01-31 22:39:53:241 [94ea7d7e][WD Proxy] Proxying [GET /status] to [GET http://127.0.0.1:8100/status] with no body
2025-01-31 22:39:53:287 [94ea7d7e][WD Proxy] connect ECONNREFUSED 127.0.0.1:8100
2025-01-31 22:39:53:287 [94ea7d7e][XCUITestDriver@233d] WDA is not listening at 'http://127.0.0.1:8100/'. Original error:: An unknown server-side error occurred while processing the command. Original error: Could not proxy command to the remote server. Original error: connect ECONNREFUSED 127.0.0.1:8100
2025-01-31 22:39:53:287 [94ea7d7e][XCUITestDriver@233d] WDA is currently not running. There is nothing to cache
2025-01-31 22:39:53:287 [94ea7d7e][XCUITestDriver@233d] Trying to start WebDriverAgent 2 times with 10000ms interval
2025-01-31 22:39:53:287 [94ea7d7e][XCUITestDriver@233d] These values can be customized by changing wdaStartupRetries/wdaStartupRetryInterval capabilities
2025-01-31 22:39:53:287 [94ea7d7e][XCUITestDriver@233d] Event 'wdaStartAttempted' logged at 1738359593287 (22:39:53 GMT+0100 (Central European Standard Time))
2025-01-31 22:39:53:288 [94ea7d7e][XCUITestDriver@233d] Launching WebDriverAgent on the device
2025-01-31 22:39:53:293 [94ea7d7e][XCUITestDriver@233d] Cleaning up the WebDriverAgent project after the module upgrade has happened (5.0.0 < 9.0.1)
2025-01-31 22:39:53:293 [94ea7d7e][XCUITestDriver@233d] Cleaning the project scheme 'WebDriverAgentLib' to make sure there are no leftovers from previous installs
2025-01-31 22:39:54:396 [94ea7d7e][XCUITestDriver@233d] Cleaning the project scheme 'WebDriverAgentRunner' to make sure there are no leftovers from previous installs
2025-01-31 22:39:55:684 [94ea7d7e][WebDriverAgent] Killing running processes 'xcodebuild.*8DCC78B2-65E2-4076-937D-140ED32FC2BB, 8DCC78B2-65E2-4076-937D-140ED32FC2BB.*XCTRunner, xctest.*8DCC78B2-65E2-4076-937D-140ED32FC2BB' for the device 8DCC78B2-65E2-4076-937D-140ED32FC2BB...
2025-01-31 22:39:55:719 [94ea7d7e][WebDriverAgent] 'pgrep -if xcodebuild.*8DCC78B2-65E2-4076-937D-140ED32FC2BB' didn't detect any matching processes. Return code: 1
2025-01-31 22:39:55:723 [94ea7d7e][WebDriverAgent] 'pgrep -if 8DCC78B2-65E2-4076-937D-140ED32FC2BB.*XCTRunner' didn't detect any matching processes. Return code: 1
2025-01-31 22:39:55:724 [94ea7d7e][WebDriverAgent] 'pgrep -if xctest.*8DCC78B2-65E2-4076-937D-140ED32FC2BB' didn't detect any matching processes. Return code: 1
2025-01-31 22:39:55:725 [94ea7d7e][XCUITestDriver@233d] Beginning test with command 'xcodebuild build-for-testing test-without-building -project /Users/krzysztof.biszta/git/wdiov9/clients/node_modules/appium-webdriveragent/WebDriverAgent.xcodeproj -scheme WebDriverAgentRunner -derivedDataPath /Users/krzysztof.biszta/git/wdiov9/clients/node_modules -destination id=8DCC78B2-65E2-4076-937D-140ED32FC2BB IPHONEOS_DEPLOYMENT_TARGET=18.0 GCC_TREAT_WARNINGS_AS_ERRORS=0 COMPILER_INDEX_STORE_ENABLE=NO' in directory '/Users/krzysztof.biszta/git/wdiov9/clients/node_modules/appium-webdriveragent'
2025-01-31 22:39:55:725 [94ea7d7e][XCUITestDriver@233d] Output from xcodebuild will only be logged if any errors are present there. To change this, use 'showXcodeLog' desired capability
2025-01-31 22:39:56:388 [94ea7d7e][XCUITestDriver@233d] Waiting up to 60000ms for WebDriverAgent to start
2025-01-31 22:39:56:388 [94ea7d7e][XCUITestDriver@233d] Matched '/status' to command name 'getStatus'
2025-01-31 22:39:56:388 [94ea7d7e][XCUITestDriver@233d] Proxying [GET /status] to [GET http://127.0.0.1:8100/status] with no body
2025-01-31 22:39:56:392 [94ea7d7e][XCUITestDriver@233d] connect ECONNREFUSED 127.0.0.1:8100
2025-01-31 22:39:57:393 [94ea7d7e][XCUITestDriver@233d] Matched '/status' to command name 'getStatus'
2025-01-31 22:39:57:393 [94ea7d7e][XCUITestDriver@233d] Proxying [GET /status] to [GET http://127.0.0.1:8100/status] with no body
2025-01-31 22:39:57:395 [94ea7d7e][XCUITestDriver@233d] connect ECONNREFUSED 127.0.0.1:8100
2025-01-31 22:39:58:396 [94ea7d7e][XCUITestDriver@233d] Matched '/status' to command name 'getStatus'
2025-01-31 22:39:58:397 [94ea7d7e][XCUITestDriver@233d] Proxying [GET /status] to [GET http://127.0.0.1:8100/status] with no body
2025-01-31 22:39:58:399 [94ea7d7e][XCUITestDriver@233d] connect ECONNREFUSED 127.0.0.1:8100
2025-01-31 22:39:59:400 [94ea7d7e][XCUITestDriver@233d] Matched '/status' to command name 'getStatus'
2025-01-31 22:39:59:400 [94ea7d7e][XCUITestDriver@233d] Proxying [GET /status] to [GET http://127.0.0.1:8100/status] with no body
2025-01-31 22:39:59:401 [94ea7d7e][XCUITestDriver@233d] connect ECONNREFUSED 127.0.0.1:8100
2025-01-31 22:40:00:403 [94ea7d7e][XCUITestDriver@233d] Matched '/status' to command name 'getStatus'
2025-01-31 22:40:00:403 [94ea7d7e][XCUITestDriver@233d] Proxying [GET /status] to [GET http://127.0.0.1:8100/status] with no body
2025-01-31 22:40:00:406 [94ea7d7e][XCUITestDriver@233d] connect ECONNREFUSED 127.0.0.1:8100
2025-01-31 22:40:01:408 [94ea7d7e][XCUITestDriver@233d] Matched '/status' to command name 'getStatus'
2025-01-31 22:40:01:408 [94ea7d7e][XCUITestDriver@233d] Proxying [GET /status] to [GET http://127.0.0.1:8100/status] with no body
2025-01-31 22:40:01:409 [94ea7d7e][XCUITestDriver@233d] connect ECONNREFUSED 127.0.0.1:8100
2025-01-31 22:40:02:410 [94ea7d7e][XCUITestDriver@233d] Matched '/status' to command name 'getStatus'
2025-01-31 22:40:02:410 [94ea7d7e][XCUITestDriver@233d] Proxying [GET /status] to [GET http://127.0.0.1:8100/status] with no body
2025-01-31 22:40:02:412 [94ea7d7e][XCUITestDriver@233d] connect ECONNREFUSED 127.0.0.1:8100
2025-01-31 22:40:03:413 [94ea7d7e][XCUITestDriver@233d] Matched '/status' to command name 'getStatus'
2025-01-31 22:40:03:413 [94ea7d7e][XCUITestDriver@233d] Proxying [GET /status] to [GET http://127.0.0.1:8100/status] with no body
2025-01-31 22:40:03:424 [94ea7d7e][XCUITestDriver@233d] Got response with status 200: {"value":{"build":{"upgradedAt":"1738357686290","version":"9.0.1","time":"Jan 31 2025 22:39:10","productBundleIdentifier":"com.facebook.WebDriverAgentRunner"},"os":{"testmanagerdVersion":65535,"name":"iOS","sdkVersion":"18.0","version":"18.0"},"device":"iphone","ios":{"simulatorVersion":"18.0","ip":"192.168.100.146"},"message":"WebDriverAgent is ready to accept commands","state":"success","ready":true},"sessionId":null}
2025-01-31 22:40:03:424 [94ea7d7e][XCUITestDriver@233d] WebDriverAgent information:
2025-01-31 22:40:03:424 [94ea7d7e][XCUITestDriver@233d] {
  "build": {
    "upgradedAt": "1738357686290",
    "version": "9.0.1",
    "time": "Jan 31 2025 22:39:10",
    "productBundleIdentifier": "com.facebook.WebDriverAgentRunner"
  },
  "os": {
    "testmanagerdVersion": 65535,
    "name": "iOS",
    "sdkVersion": "18.0",
    "version": "18.0"
  },
  "device": "iphone",
  "ios": {
    "simulatorVersion": "18.0",
    "ip": "192.168.100.146"
  },
  "message": "WebDriverAgent is ready to accept commands",
  "state": "success",
  "ready": true
}
2025-01-31 22:40:03:424 [94ea7d7e][XCUITestDriver@233d] WebDriverAgent successfully started after 7699ms
2025-01-31 22:40:03:424 [94ea7d7e][XCUITestDriver@233d] Event 'wdaSessionAttempted' logged at 1738359603424 (22:40:03 GMT+0100 (Central European Standard Time))
2025-01-31 22:40:03:424 [94ea7d7e][XCUITestDriver@233d] Sending createSession command to WDA
2025-01-31 22:40:03:425 [94ea7d7e][XCUITestDriver@233d] Matched '/session' to command name 'createSession'
2025-01-31 22:40:03:425 [94ea7d7e][XCUITestDriver@233d] Proxying [POST /session] to [POST http://127.0.0.1:8100/session] with body: {"capabilities":{"firstMatch":[{"bundleId":"com.apple.mobilesafari","arguments":[],"environment":{},"eventloopIdleDelaySec":0,"shouldWaitForQuiescence":true,"shouldUseTestManagerForVisibilityDetection":false,"maxTypingFrequency":60,"shouldUseSingletonTestManager":true,"shouldTerminateApp":true,"forceAppLaunch":true,"useNativeCachingStrategy":true,"forceSimulatorSoftwareKeyboardPresence":true}],"alwaysMatch":{}}}
2025-01-31 22:40:05:866 [94ea7d7e][XCUITestDriver@233d] Got response with status 200: {"value":{"sessionId":"207E6FA6-4C35-47FB-8966-E9B8BF2397C2","capabilities":{"sdkVersion":"18.0","device":"iphone"}},"sessionId":"207E6FA6-4C35-47FB-8966-E9B8BF2397C2"}
2025-01-31 22:40:05:866 [94ea7d7e][XCUITestDriver@233d] Determined the downstream protocol as 'W3C'
2025-01-31 22:40:05:866 [94ea7d7e][XCUITestDriver@233d] WDA session startup took 2442ms
2025-01-31 22:40:05:867 [94ea7d7e][XCUITestDriver@233d] Event 'wdaSessionStarted' logged at 1738359605867 (22:40:05 GMT+0100 (Central European Standard Time))
2025-01-31 22:40:05:867 [94ea7d7e][XCUITestDriver@233d] Event 'wdaStarted' logged at 1738359605867 (22:40:05 GMT+0100 (Central European Standard Time))
2025-01-31 22:40:05:867 [94ea7d7e][XCUITestDriver@233d] Activating a recent webview
2025-01-31 22:40:05:867 [94ea7d7e][XCUITestDriver@233d] Retrieving contexts and views
2025-01-31 22:40:05:867 [94ea7d7e][XCUITestDriver@233d] Selecting by url: false
2025-01-31 22:40:05:942 [94ea7d7e][RemoteDebugger] Remote Debugger version 12.1.5
2025-01-31 22:40:05:943 [94ea7d7e][RemoteDebugger] useNewSafari --> true
2025-01-31 22:40:05:943 [94ea7d7e][RemoteDebugger] Checking which communication style to use (Safari on platform version '18.0')
2025-01-31 22:40:05:943 [94ea7d7e][RemoteDebugger] Platform version equal or higher than '12.2': true
2025-01-31 22:40:05:943 [94ea7d7e][RemoteDebugger] Setting communication protocol: using Target-based communication
2025-01-31 22:40:05:943 [94ea7d7e][RemoteDebugger] Connecting to remote debugger through unix domain socket: '/private/tmp/com.apple.launchd.GDES6QpODe/com.apple.webinspectord_sim.socket'
2025-01-31 22:40:05:944 [94ea7d7e][RemoteDebugger] Debugger socket connected
2025-01-31 22:40:05:944 [94ea7d7e][RemoteDebugger] Sending connection key request
2025-01-31 22:40:05:945 [94ea7d7e][RemoteDebugger] Sending '_rpc_reportIdentifier:' message (id: 0): 'setConnectionKey'
2025-01-31 22:40:05:946 [94ea7d7e][RemoteDebugger] Sending to Web Inspector took 1ms
2025-01-31 22:40:05:946 [94ea7d7e][RemoteDebugger] Waiting up to 5000ms for applications to be reported
2025-01-31 22:40:06:179 [94ea7d7e][RemoteDebugger] Received connected automation availability state: "WIRAutomationAvailabilityAvailable"
2025-01-31 22:40:06:181 [94ea7d7e][RemoteDebugger] Received connected applications list: PID:17542, PID:17549
2025-01-31 22:40:06:181 [94ea7d7e][RemoteDebugger] Received connected driver list: {}
2025-01-31 22:40:06:182 [94ea7d7e][RemoteDebugger] Notified that new application 'PID:17557' has connected
2025-01-31 22:40:06:182 [94ea7d7e][RemoteDebugger] Found app id key 'PID:17542' for bundle 'com.apple.mobilesafari'
2025-01-31 22:40:06:250 [94ea7d7e][RemoteDebugger] Retrieved 3 applications within 304ms
2025-01-31 22:40:06:251 [94ea7d7e][XCUITestDriver@233d] About to select a web application with 20 retries and 500ms interval between each retry. Consider customizing the value of 'webviewConnectRetries' capability to change the amount of retries.
2025-01-31 22:40:06:251 [94ea7d7e][RemoteDebugger] Selecting application
2025-01-31 22:40:06:251 [94ea7d7e][RemoteDebugger] Current applications available:
2025-01-31 22:40:06:251 [94ea7d7e][RemoteDebugger]     Application: "PID:17542"
2025-01-31 22:40:06:251 [94ea7d7e][RemoteDebugger]         id: "PID:17542"
2025-01-31 22:40:06:251 [94ea7d7e][RemoteDebugger]         isProxy: false
2025-01-31 22:40:06:251 [94ea7d7e][RemoteDebugger]         name: "Safari"
2025-01-31 22:40:06:251 [94ea7d7e][RemoteDebugger]         bundleId: "com.apple.mobilesafari"
2025-01-31 22:40:06:251 [94ea7d7e][RemoteDebugger]         hostId: undefined
2025-01-31 22:40:06:251 [94ea7d7e][RemoteDebugger]         isActive: true
2025-01-31 22:40:06:251 [94ea7d7e][RemoteDebugger]         isAutomationEnabled: "Unknown"
2025-01-31 22:40:06:251 [94ea7d7e][RemoteDebugger]     Application: "PID:17549"
2025-01-31 22:40:06:251 [94ea7d7e][RemoteDebugger]         id: "PID:17549"
2025-01-31 22:40:06:251 [94ea7d7e][RemoteDebugger]         isProxy: false
2025-01-31 22:40:06:252 [94ea7d7e][RemoteDebugger]         name: "com.apple.WebKit.WebContent"
2025-01-31 22:40:06:252 [94ea7d7e][RemoteDebugger]         bundleId: "process-com.apple.WebKit.WebContent"
2025-01-31 22:40:06:252 [94ea7d7e][RemoteDebugger]         hostId: undefined
2025-01-31 22:40:06:252 [94ea7d7e][RemoteDebugger]         isActive: true
2025-01-31 22:40:06:252 [94ea7d7e][RemoteDebugger]         isAutomationEnabled: "Unknown"
2025-01-31 22:40:06:252 [94ea7d7e][RemoteDebugger]     Application: "PID:17557"
2025-01-31 22:40:06:252 [94ea7d7e][RemoteDebugger]         id: "PID:17557"
2025-01-31 22:40:06:252 [94ea7d7e][RemoteDebugger]         isProxy: false
2025-01-31 22:40:06:252 [94ea7d7e][RemoteDebugger]         name: "com.apple.WebKit.WebContent"
2025-01-31 22:40:06:252 [94ea7d7e][RemoteDebugger]         bundleId: "process-com.apple.WebKit.WebContent"
2025-01-31 22:40:06:252 [94ea7d7e][RemoteDebugger]         hostId: undefined
2025-01-31 22:40:06:252 [94ea7d7e][RemoteDebugger]         isActive: true
2025-01-31 22:40:06:252 [94ea7d7e][RemoteDebugger]         isAutomationEnabled: "Unknown"
2025-01-31 22:40:06:252 [94ea7d7e][RemoteDebugger] Checking for bundle identifiers: com.apple.WebKit.WebContent, process-com.apple.WebKit.WebContent, process-SafariViewService, com.apple.SafariViewService, *, com.apple.mobilesafari
2025-01-31 22:40:06:252 [94ea7d7e][RemoteDebugger] Found app id key 'PID:17549' for bundle 'com.apple.WebKit.WebContent'
2025-01-31 22:40:06:252 [94ea7d7e][RemoteDebugger] Found app id key 'PID:17557' for bundle 'com.apple.WebKit.WebContent'
2025-01-31 22:40:06:252 [94ea7d7e][RemoteDebugger] Found app id key 'PID:17549' for bundle 'process-com.apple.WebKit.WebContent'
2025-01-31 22:40:06:252 [94ea7d7e][RemoteDebugger] Found app id key 'PID:17557' for bundle 'process-com.apple.WebKit.WebContent'
2025-01-31 22:40:06:252 [94ea7d7e][RemoteDebugger] Found app id key 'PID:17549' for bundle 'process-SafariViewService'
2025-01-31 22:40:06:252 [94ea7d7e][RemoteDebugger] Found app id key 'PID:17557' for bundle 'process-SafariViewService'
2025-01-31 22:40:06:252 [94ea7d7e][RemoteDebugger] Found app id key 'PID:17549' for bundle 'com.apple.SafariViewService'
2025-01-31 22:40:06:252 [94ea7d7e][RemoteDebugger] Found app id key 'PID:17557' for bundle 'com.apple.SafariViewService'
2025-01-31 22:40:06:252 [94ea7d7e][RemoteDebugger] Found app id key 'PID:17549' for bundle '*'
2025-01-31 22:40:06:253 [94ea7d7e][RemoteDebugger] Found app id key 'PID:17557' for bundle '*'
2025-01-31 22:40:06:253 [94ea7d7e][RemoteDebugger] Found app id key 'PID:17542' for bundle 'com.apple.mobilesafari'
2025-01-31 22:40:06:253 [94ea7d7e][RemoteDebugger] Trying out the possible app ids: PID:17549, PID:17557, PID:17542 (try #1 of 20)
2025-01-31 22:40:06:253 [94ea7d7e][RemoteDebugger] Attempting app 'PID:17549'
2025-01-31 22:40:06:253 [94ea7d7e][RemoteDebugger] Sending '_rpc_forwardGetListing:' message to app 'PID:17549' (id: 2): 'connectToApp'
2025-01-31 22:40:06:255 [94ea7d7e][RemoteDebugger] Received response from send (id: 2): '["PID:17549",{}]'
2025-01-31 22:40:06:255 [94ea7d7e][RemoteDebugger] Sending to Web Inspector took 2ms
2025-01-31 22:40:06:255 [94ea7d7e][RemoteDebugger] Notified that an application has been updated
2025-01-31 22:40:06:265 [94ea7d7e][RemoteDebugger] Error: Empty page dictionary received
    at /Users/krzysztof.biszta/git/wdiov9/clients/node_modules/appium-remote-debugger/lib/rpc/rpc-client.js:757:20
2025-01-31 22:40:06:265 [94ea7d7e][RemoteDebugger] Error checking application PID:17549: 'Empty page dictionary received'
2025-01-31 22:40:06:265 [94ea7d7e][RemoteDebugger] Attempting app 'PID:17557'
2025-01-31 22:40:06:265 [94ea7d7e][RemoteDebugger] Sending '_rpc_forwardGetListing:' message to app 'PID:17557' (id: 4): 'connectToApp'
2025-01-31 22:40:06:268 [94ea7d7e][RemoteDebugger] Received response from send (id: 4): '["PID:17557",{}]'
2025-01-31 22:40:06:268 [94ea7d7e][RemoteDebugger] Notified that an application has been updated
2025-01-31 22:40:06:268 [94ea7d7e][RemoteDebugger] Sending to Web Inspector took 3ms
2025-01-31 22:40:06:269 [94ea7d7e][RemoteDebugger] Error: Empty page dictionary received
    at /Users/krzysztof.biszta/git/wdiov9/clients/node_modules/appium-remote-debugger/lib/rpc/rpc-client.js:757:20
    at runNextTicks (node:internal/process/task_queues:65:5)
    at processImmediate (node:internal/timers:459:9)
    at process.callbackTrampoline (node:internal/async_hooks:130:17)
2025-01-31 22:40:06:269 [94ea7d7e][RemoteDebugger] Error checking application PID:17557: 'Empty page dictionary received'
2025-01-31 22:40:06:269 [94ea7d7e][RemoteDebugger] Attempting app 'PID:17542'
2025-01-31 22:40:06:270 [94ea7d7e][RemoteDebugger] Sending '_rpc_forwardGetListing:' message to app 'PID:17542' (id: 6): 'connectToApp'
2025-01-31 22:40:06:270 [94ea7d7e][RemoteDebugger] Received response from send (id: 6): '["PID:17542",{"1":{"WIRTitleKey":"The Internet","WIRTypeKey":"WIRTypeWebPage","WIRURLKey":"https://the-internet.herokuapp.com/secure","WIRPageIdentifierKey":1,"WIRHostApplicationIdentifierKey":"PID...'
2025-01-31 22:40:06:270 [94ea7d7e][RemoteDebugger] Pages changed for PID:17542: undefined -> [{"id":1,"title":"The Internet","url":"https://the-internet.herokuapp.com/secure","isKey":false}]
2025-01-31 22:40:06:271 [94ea7d7e][XCUITestDriver@233d] Remote debugger notified us of a new page listing: {"appIdKey":"17542","pageArray":[{"id":1,"title":"The Internet","url":"https://the-internet.herokuapp.com/secure","isKey":false}]}
2025-01-31 22:40:06:271 [94ea7d7e][XCUITestDriver@233d] No key id found. Choosing first id from page array
2025-01-31 22:40:06:271 [94ea7d7e][XCUITestDriver@233d] We do not appear to have window set yet, ignoring
2025-01-31 22:40:06:271 [94ea7d7e][RemoteDebugger] Sending to Web Inspector took 2ms
2025-01-31 22:40:06:271 [94ea7d7e][RemoteDebugger] Notified that an application has been updated
2025-01-31 22:40:06:272 [94ea7d7e][RemoteDebugger] Current applications available:
2025-01-31 22:40:06:272 [94ea7d7e][RemoteDebugger]     Application: "PID:17542"
2025-01-31 22:40:06:272 [94ea7d7e][RemoteDebugger]         id: "PID:17542"
2025-01-31 22:40:06:272 [94ea7d7e][RemoteDebugger]         isProxy: false
2025-01-31 22:40:06:272 [94ea7d7e][RemoteDebugger]         name: "Safari"
2025-01-31 22:40:06:272 [94ea7d7e][RemoteDebugger]         bundleId: "com.apple.mobilesafari"
2025-01-31 22:40:06:272 [94ea7d7e][RemoteDebugger]         hostId: undefined
2025-01-31 22:40:06:272 [94ea7d7e][RemoteDebugger]         isActive: true
2025-01-31 22:40:06:272 [94ea7d7e][RemoteDebugger]         isAutomationEnabled: true
2025-01-31 22:40:06:272 [94ea7d7e][RemoteDebugger]         pageArray:
2025-01-31 22:40:06:272 [94ea7d7e][RemoteDebugger]           - id: 1
2025-01-31 22:40:06:272 [94ea7d7e][RemoteDebugger]             title: "The Internet"
2025-01-31 22:40:06:272 [94ea7d7e][RemoteDebugger]             url: "https://the-internet.herokuapp.com/secure"
2025-01-31 22:40:06:272 [94ea7d7e][RemoteDebugger]             isKey: false
2025-01-31 22:40:06:272 [94ea7d7e][RemoteDebugger]     Application: "PID:17549"
2025-01-31 22:40:06:272 [94ea7d7e][RemoteDebugger]         id: "PID:17549"
2025-01-31 22:40:06:272 [94ea7d7e][RemoteDebugger]         isProxy: false
2025-01-31 22:40:06:272 [94ea7d7e][RemoteDebugger]         name: "com.apple.WebKit.WebContent"
2025-01-31 22:40:06:272 [94ea7d7e][RemoteDebugger]         bundleId: "process-com.apple.WebKit.WebContent"
2025-01-31 22:40:06:272 [94ea7d7e][RemoteDebugger]         hostId: undefined
2025-01-31 22:40:06:272 [94ea7d7e][RemoteDebugger]         isActive: true
2025-01-31 22:40:06:272 [94ea7d7e][RemoteDebugger]         isAutomationEnabled: "Unknown"
2025-01-31 22:40:06:272 [94ea7d7e][RemoteDebugger]     Application: "PID:17557"
2025-01-31 22:40:06:272 [94ea7d7e][RemoteDebugger]         id: "PID:17557"
2025-01-31 22:40:06:272 [94ea7d7e][RemoteDebugger]         isProxy: false
2025-01-31 22:40:06:272 [94ea7d7e][RemoteDebugger]         name: "com.apple.WebKit.WebContent"
2025-01-31 22:40:06:272 [94ea7d7e][RemoteDebugger]         bundleId: "process-com.apple.WebKit.WebContent"
2025-01-31 22:40:06:272 [94ea7d7e][RemoteDebugger]         hostId: undefined
2025-01-31 22:40:06:272 [94ea7d7e][RemoteDebugger]         isActive: true
2025-01-31 22:40:06:272 [94ea7d7e][RemoteDebugger]         isAutomationEnabled: "Unknown"
2025-01-31 22:40:06:272 [94ea7d7e][RemoteDebugger] Finally selecting app PID:17542
2025-01-31 22:40:06:272 [94ea7d7e][RemoteDebugger] Selected app after 21ms
2025-01-31 22:40:06:273 [94ea7d7e][XCUITestDriver@233d] Picking webview 'WEBVIEW_17542.1' after 406ms
2025-01-31 22:40:06:273 [94ea7d7e][XCUITestDriver@233d] Attempting to set context to 'WEBVIEW_17542.1' from 'NATIVE_APP'
2025-01-31 22:40:06:273 [94ea7d7e][RemoteDebugger] Selecting page '1' on app 'PID:17542' and forwarding socket setup
2025-01-31 22:40:06:273 [94ea7d7e][RemoteDebugger] Sending '_rpc_forwardIndicateWebView:' message to app 'PID:17542', page '1' (id: 8): 'indicateWebView'
2025-01-31 22:40:06:273 [94ea7d7e][RemoteDebugger] Sending to Web Inspector took 0ms
2025-01-31 22:40:06:274 [94ea7d7e][RemoteDebugger] Sending '_rpc_forwardIndicateWebView:' message to app 'PID:17542', page '1' (id: 10): 'indicateWebView'
2025-01-31 22:40:06:274 [94ea7d7e][RemoteDebugger] Sending to Web Inspector took 0ms
2025-01-31 22:40:06:274 [94ea7d7e][RemoteDebugger] Sending '_rpc_forwardSocketSetup:' message to app 'PID:17542', page '1' (id: 12): 'setSenderKey'
2025-01-31 22:40:06:274 [94ea7d7e][RemoteDebugger] Sending to Web Inspector took 0ms
2025-01-31 22:40:06:274 [94ea7d7e][RemoteDebugger] Sender key set
2025-01-31 22:40:06:275 [94ea7d7e][RemoteDebugger] Sending '_rpc_forwardSocketData:' message to app 'PID:17542', page '1' (id: 14): 'Inspector.enable'
2025-01-31 22:40:06:275 [94ea7d7e][RemoteDebugger] Sending to Web Inspector took 0ms
2025-01-31 22:40:06:275 [94ea7d7e][RemoteDebugger] Sending '_rpc_forwardSocketData:' message to app 'PID:17542', page '1' (id: 16): 'Page.enable'
2025-01-31 22:40:06:276 [94ea7d7e][RemoteDebugger] Target created for app 'PID:17542' and page '1': {"targetId":"page-15","type":"page"}
2025-01-31 22:40:06:276 [94ea7d7e][RemoteDebugger] Handling message (id: '15')
2025-01-31 22:40:06:276 [94ea7d7e][RemoteDebugger] Handling message (id: '17')
2025-01-31 22:40:06:276 [94ea7d7e][RemoteDebugger] Sending to Web Inspector took 1ms
2025-01-31 22:40:06:276 [94ea7d7e][RemoteDebugger] Sending '_rpc_forwardSocketData:' message to app 'PID:17542', page '1', target 'page-15' (id: 18): 'Network.enable'
2025-01-31 22:40:06:277 [94ea7d7e][RemoteDebugger] Sending to Web Inspector took 0ms
2025-01-31 22:40:06:277 [94ea7d7e][RemoteDebugger] Sending '_rpc_forwardSocketData:' message to app 'PID:17542', page '1', target 'page-15' (id: 20): 'Runtime.enable'
2025-01-31 22:40:06:277 [94ea7d7e][RemoteDebugger] Sending to Web Inspector took 0ms
2025-01-31 22:40:06:277 [94ea7d7e][RemoteDebugger] Sending '_rpc_forwardSocketData:' message to app 'PID:17542', page '1', target 'page-15' (id: 22): 'Heap.enable'
2025-01-31 22:40:06:277 [94ea7d7e][RemoteDebugger] Sending to Web Inspector took 0ms
2025-01-31 22:40:06:277 [94ea7d7e][RemoteDebugger] Sending '_rpc_forwardSocketData:' message to app 'PID:17542', page '1', target 'page-15' (id: 24): 'Debugger.enable'
2025-01-31 22:40:06:278 [94ea7d7e][RemoteDebugger] Sending to Web Inspector took 0ms
2025-01-31 22:40:06:278 [94ea7d7e][RemoteDebugger] Sending '_rpc_forwardSocketData:' message to app 'PID:17542', page '1', target 'page-15' (id: 26): 'Console.enable'
2025-01-31 22:40:06:278 [94ea7d7e][RemoteDebugger] Sending to Web Inspector took 0ms
2025-01-31 22:40:06:278 [94ea7d7e][RemoteDebugger] Sending '_rpc_forwardSocketData:' message to app 'PID:17542', page '1', target 'page-15' (id: 28): 'Inspector.initialized'
2025-01-31 22:40:06:278 [94ea7d7e][RemoteDebugger] Sending to Web Inspector took 0ms
2025-01-31 22:40:06:278 [94ea7d7e][RemoteDebugger] Sending javascript command: 'document.readyState;'
2025-01-31 22:40:06:279 [94ea7d7e][RemoteDebugger] Sending '_rpc_forwardSocketData:' message to app 'PID:17542', page '1', target 'page-15' (id: 30): 'Runtime.evaluate'
2025-01-31 22:40:06:282 [94ea7d7e][RemoteDebugger] Received data response from send (id: 30): '"complete"'
2025-01-31 22:40:06:282 [94ea7d7e][RemoteDebugger] Sending to Web Inspector took 3ms
2025-01-31 22:40:06:282 [94ea7d7e][RemoteDebugger] Document readyState is 'complete'. The pageLoadStrategy is 'normal'
2025-01-31 22:40:06:282 [94ea7d7e][RemoteDebugger] Selected page after 9ms
2025-01-31 22:40:06:282 [94ea7d7e][RemoteDebugger] Unregistering from page readiness notifications
2025-01-31 22:40:06:282 [94ea7d7e][XCUITestDriver@233d] About to set the initial Safari URL to 'http://127.0.0.1:8100/health'
2025-01-31 22:40:06:282 [94ea7d7e][XCUITestDriver@233d] Use the 'safariInitialUrl' capability to customize it
2025-01-31 22:40:06:283 [94ea7d7e][XCUITestDriver@233d] Attempting to set url 'http://127.0.0.1:8100/health'
2025-01-31 22:40:06:283 [94ea7d7e][RemoteDebugger] Navigating to new URL: 'http://127.0.0.1:8100/health'
2025-01-31 22:40:06:283 [94ea7d7e][RemoteDebugger] Sending '_rpc_forwardSocketData:' message to app 'PID:17542', page '1', target 'page-15' (id: 32): 'Page.navigate'
2025-01-31 22:40:06:285 [94ea7d7e][RemoteDebugger] Received data response from send (id: 32): '{}'
2025-01-31 22:40:06:285 [94ea7d7e][RemoteDebugger] Sending to Web Inspector took 2ms
2025-01-31 22:40:06:306 [94ea7d7e][RemoteDebugger] Pages changed for PID:17542: [{"id":1,"title":"The Internet","url":"https://the-internet.herokuapp.com/secure","isKey":false}] -> [{"id":1,"title":"The Internet","url":"https://the-internet.herokuapp.com/secure","isKey":true}]
2025-01-31 22:40:06:307 [94ea7d7e][RemoteDebugger] Notified that an application has been updated
2025-01-31 22:40:06:309 [94ea7d7e][RemoteDebugger] Provisional target created for app 'PID:17542', 'page-70'. Ignoring until target update event
2025-01-31 22:40:06:477 [94ea7d7e][RemoteDebugger] Notified that an application has been updated
2025-01-31 22:40:06:478 [94ea7d7e][RemoteDebugger] Target updated for app 'PID:17542'. Old target: 'page-15', new target: 'page-70'
2025-01-31 22:40:06:478 [94ea7d7e][RemoteDebugger] Target destroyed for app 'PID:17542': page-15
2025-01-31 22:40:06:478 [94ea7d7e][RemoteDebugger] Found provisional target for app 'PID:17542'. Old target: 'page-15', new target: 'page-70'. Updating
2025-01-31 22:40:06:478 [94ea7d7e][RemoteDebugger] Sending '_rpc_forwardSocketData:' message to app 'PID:17542', page '1', target 'page-70' (id: 34): 'Page.enable'
2025-01-31 22:40:06:479 [94ea7d7e][RemoteDebugger] Pages changed for PID:17542: [{"id":1,"title":"The Internet","url":"https://the-internet.herokuapp.com/secure","isKey":true}] -> [{"id":1,"title":"","url":"http://127.0.0.1:8100/health","isKey":true}]
2025-01-31 22:40:06:480 [94ea7d7e][RemoteDebugger] The page 1 has the expected URL http://127.0.0.1:8100/health
2025-01-31 22:40:06:480 [94ea7d7e][RemoteDebugger] Monitoring page readiness
2025-01-31 22:40:06:480 [94ea7d7e][RemoteDebugger] Sending javascript command: 'document.readyState;'
2025-01-31 22:40:06:480 [94ea7d7e][RemoteDebugger] Sending '_rpc_forwardSocketData:' message to app 'PID:17542', page '1', target 'page-70' (id: 36): 'Runtime.evaluate'
2025-01-31 22:40:06:487 [94ea7d7e][RemoteDebugger] Received data response from send (id: 34): '{}'
2025-01-31 22:40:06:487 [94ea7d7e][RemoteDebugger] The page target has been provisioned
2025-01-31 22:40:06:487 [94ea7d7e][RemoteDebugger] Page readiness monitoring is already running
2025-01-31 22:40:06:517 [94ea7d7e][RemoteDebugger] Received data response from send (id: 36): '"complete"'
2025-01-31 22:40:06:517 [94ea7d7e][RemoteDebugger] Sending to Web Inspector took 37ms
2025-01-31 22:40:06:518 [94ea7d7e][RemoteDebugger] Document readyState is 'complete'. The pageLoadStrategy is 'normal'
2025-01-31 22:40:06:518 [94ea7d7e][RemoteDebugger] The page http://127.0.0.1:8100/health is ready in 235ms
2025-01-31 22:40:06:518 [94ea7d7e][RemoteDebugger] Sending '_rpc_forwardSocketData:' message to app 'PID:17542', page '1', target 'page-70' (id: 38): 'Console.enable'
2025-01-31 22:40:06:527 [94ea7d7e][RemoteDebugger] Received data response from send (id: 38): '{}'
2025-01-31 22:40:06:527 [94ea7d7e][RemoteDebugger] Sending to Web Inspector took 9ms
2025-01-31 22:40:06:528 [94ea7d7e][BaseDriver] The value of 'elementResponseAttributes' setting did not change. Skipping the update for it
2025-01-31 22:40:06:528 [94ea7d7e][BaseDriver] The value of 'shouldUseCompactResponses' setting did not change. Skipping the update for it
2025-01-31 22:40:06:528 [94ea7d7e][XCUITestDriver@233d] Forwarding MJPEG server port 9100 to local port 9100
2025-01-31 22:40:06:528 [94ea7d7e][DevCon Factory] Requesting connection for device 8DCC78B2-65E2-4076-937D-140ED32FC2BB on local port 9100, device port 9100
2025-01-31 22:40:06:528 [94ea7d7e][DevCon Factory] Cached connections count: 1
2025-01-31 22:40:06:528 [94ea7d7e][DevCon Factory] Successfully requested the connection for 8DCC78B2-65E2-4076-937D-140ED32FC2BB:9100
2025-01-31 22:40:06:528 [94ea7d7e][AppiumDriver@c289] New XCUITestDriver session created successfully, session 94ea7d7e-866c-4ff4-910b-c7be9221879e added to master session list
2025-01-31 22:40:06:528 [94ea7d7e][AppiumDriver@c289] Event 'newSessionStarted' logged at 1738359606528 (22:40:06 GMT+0100 (Central European Standard Time))
2025-01-31 22:40:06:528 [94ea7d7e][XCUITestDriver@233d] Cached the protocol value 'W3C' for the new session 94ea7d7e-866c-4ff4-910b-c7be9221879e
2025-01-31 22:40:06:529 [94ea7d7e][XCUITestDriver@233d] Responding to client with driver.createSession() result: {"capabilities":{"webStorageEnabled":false,"locationContextEnabled":false,"browserName":"Safari","platform":"MAC","javascriptEnabled":true,"databaseEnabled":false,"takesScreenshot":true,"networkConnectionEnabled":false,"platformName":"iOS","deviceName":"iPhone 15 (18.0)","platformVersion":"18.0","automationName":"XCUITest","udid":"8DCC78B2-65E2-4076-937D-140ED32FC2BB"}}
2025-01-31 22:40:06:530 [94ea7d7e][HTTP] <-- POST /session 200 16288 ms - 433 
2025-01-31 22:40:06:547 [94ea7d7e][HTTP] --> DELETE /session/94ea7d7e-866c-4ff4-910b-c7be9221879e {}
2025-01-31 22:40:06:548 [94ea7d7e][XCUITestDriver@233d] Calling AppiumDriver.deleteSession() with args: ["94ea7d7e-866c-4ff4-910b-c7be9221879e"]
2025-01-31 22:40:06:548 [94ea7d7e][AppiumDriver@c289] Event 'quitSessionRequested' logged at 1738359606548 (22:40:06 GMT+0100 (Central European Standard Time))
2025-01-31 22:40:06:548 [94ea7d7e][AppiumDriver@c289] Removing session 94ea7d7e-866c-4ff4-910b-c7be9221879e from our master session list
2025-01-31 22:40:06:549 [94ea7d7e][XCUITestDriver@233d] Matched '/session/94ea7d7e-866c-4ff4-910b-c7be9221879e' to command name 'deleteSession'
2025-01-31 22:40:06:549 [94ea7d7e][XCUITestDriver@233d] Proxying [DELETE /session/94ea7d7e-866c-4ff4-910b-c7be9221879e] to [DELETE http://127.0.0.1:8100/session/207E6FA6-4C35-47FB-8966-E9B8BF2397C2] with no body
2025-01-31 22:40:06:569 [94ea7d7e][RemoteDebugger] Application 'PID:17542' disconnected. Removing from app dictionary.
2025-01-31 22:40:06:569 [94ea7d7e][RemoteDebugger] Current app is 'PID:17542'
2025-01-31 22:40:06:569 [94ea7d7e][RemoteDebugger] No longer have app id. Attempting to find new one.
2025-01-31 22:40:06:573 [94ea7d7e][RemoteDebugger] Application 'PID:17549' disconnected. Removing from app dictionary.
2025-01-31 22:40:06:574 [94ea7d7e][RemoteDebugger] Current app is 'undefined'
2025-01-31 22:40:06:592 [94ea7d7e][RemoteDebugger] Application 'PID:17557' disconnected. Removing from app dictionary.
2025-01-31 22:40:06:592 [94ea7d7e][RemoteDebugger] Current app is 'undefined'
2025-01-31 22:40:06:592 [94ea7d7e][RemoteDebugger] Main app disconnected. Disconnecting altogether.
2025-01-31 22:40:07:624 [94ea7d7e][XCUITestDriver@233d] Got response with status 200: {"value":null,"sessionId":null}
2025-01-31 22:40:07:624 [94ea7d7e][DevCon Factory] Releasing connections for 8DCC78B2-65E2-4076-937D-140ED32FC2BB device on any port number
2025-01-31 22:40:07:625 [94ea7d7e][DevCon Factory] Found cached connections to release: ["8DCC78B2-65E2-4076-937D-140ED32FC2BB:8100","8DCC78B2-65E2-4076-937D-140ED32FC2BB:9100"]
2025-01-31 22:40:07:625 [94ea7d7e][DevCon Factory] Cached connections count: 0
2025-01-31 22:40:07:625 [94ea7d7e][XCUITestDriver@233d] Not clearing log files. Use `clearSystemFiles` capability to turn on.
2025-01-31 22:40:07:625 [94ea7d7e][XCUITestDriver@233d] Found a remote debugger session. Removing...
2025-01-31 22:40:07:625 [94ea7d7e][RemoteDebugger] Disconnecting from remote debugger
2025-01-31 22:40:07:625 [94ea7d7e][RemoteDebugger] Cleaning up listeners
2025-01-31 22:40:07:625 [94ea7d7e][XCUITestDriver@233d] Stopping iOS log capture
2025-01-31 22:40:07:634 [94ea7d7e][AppiumDriver@c289] Event 'quitSessionFinished' logged at 1738359607634 (22:40:07 GMT+0100 (Central European Standard Time))
2025-01-31 22:40:07:634 [94ea7d7e][AppiumDriver@c289] Received response: null
2025-01-31 22:40:07:634 [94ea7d7e][AppiumDriver@c289] But deleting session, so not returning
2025-01-31 22:40:07:635 [94ea7d7e][AppiumDriver@c289] Responding to client with driver.deleteSession() result: null
2025-01-31 22:40:07:635 [94ea7d7e][HTTP] <-- DELETE /session/94ea7d7e-866c-4ff4-910b-c7be9221879e 200 1088 ms - 14 
2025-01-31 22:40:08:120 [Appium] Received SIGTERM - shutting down
